<?xml version="1.0" encoding="UTF-8"?>
<testng-results skipped="0" failed="0" ignored="0" total="1" passed="1">
  <reporter-output>
  </reporter-output>
  <suite name="Default suite" duration-ms="10151" started-at="2020-01-25T17:52:30 EST" finished-at="2020-01-25T17:52:40 EST">
    <groups>
    </groups>
    <test name="Default test" duration-ms="10151" started-at="2020-01-25T17:52:30 EST" finished-at="2020-01-25T17:52:40 EST">
      <class name="mytestngpackage.MyTestNGTestcase">
        <test-method status="PASS" signature="launchBrowser()[pri:0, instance:mytestngpackage.MyTestNGTestcase@6f1fba17]" name="launchBrowser" is-config="true" duration-ms="9615" started-at="2020-01-25T17:52:30 EST" finished-at="2020-01-25T17:52:39 EST">
          <reporter-output>
          </reporter-output>
        </test-method> <!-- launchBrowser -->
        <test-method status="PASS" signature="verifyHomepageTitle()[pri:0, instance:mytestngpackage.MyTestNGTestcase@6f1fba17]" name="verifyHomepageTitle" duration-ms="44" started-at="2020-01-25T17:52:39 EST" finished-at="2020-01-25T17:52:39 EST">
          <reporter-output>
          </reporter-output>
        </test-method> <!-- verifyHomepageTitle -->
        <test-method status="PASS" signature="closeBroswer()[pri:0, instance:mytestngpackage.MyTestNGTestcase@6f1fba17]" name="closeBroswer" is-config="true" duration-ms="416" started-at="2020-01-25T17:52:39 EST" finished-at="2020-01-25T17:52:40 EST">
          <reporter-output>
          </reporter-output>
        </test-method> <!-- closeBroswer -->
      </class> <!-- mytestngpackage.MyTestNGTestcase -->
    </test> <!-- Default test -->
  </suite> <!-- Default suite -->
</testng-results>
